Build started 08/06/2020 4:38:47 PM.
     1>Project "C:\Users\Administrator\Documents\Visual Studio 2012\Tetris\HelloStdio_VS2012.vcxproj" on node 2 (Build target(s)).
     1>ClCompile:
         C:\Program Files (x86)\Microsoft Visual Studio 11.0\VC\bin\CL.exe /c /ZI /nologo /W3 /WX- /Od /Oy- /D _UNICODE /D UNICODE /Gm /EHsc /RTC1 /MDd /GS /fp:precise /Zc:wchar_t /Zc:forScope /Fo"Debug\\" /Fd"Debug\vc110.pdb" /Gd /TP /analyze- /errorReport:prompt tetris.cpp
         tetris.cpp
     1>c:\users\administrator\documents\visual studio 2012\tetris\timer.h(38): warning C4244: 'return' : conversion from '__int64' to 'double', possible loss of data
     1>c:\users\administrator\documents\visual studio 2012\tetris\score.h(44): warning C4996: 'sprintf': This function or variable may be unsafe. Consider using sprintf_s instead. To disable deprecation, use _CRT_SECURE_NO_WARNINGS. See online help for details.
                 c:\program files (x86)\microsoft visual studio 11.0\vc\include\stdio.h(357) : see declaration of 'sprintf'
     1>c:\users\administrator\documents\visual studio 2012\tetris\score.h(45): warning C4996: 'sprintf': This function or variable may be unsafe. Consider using sprintf_s instead. To disable deprecation, use _CRT_SECURE_NO_WARNINGS. See online help for details.
                 c:\program files (x86)\microsoft visual studio 11.0\vc\include\stdio.h(357) : see declaration of 'sprintf'
     1>c:\users\administrator\documents\visual studio 2012\tetris\engine.h(50): warning C4244: '=' : conversion from 'double' to 'float', possible loss of data
     1>c:\users\administrator\documents\visual studio 2012\tetris\engine.h(79): warning C4244: '=' : conversion from 'float' to 'int', possible loss of data
     1>c:\users\administrator\documents\visual studio 2012\tetris\engine.h(162): warning C4244: '=' : conversion from 'double' to 'float', possible loss of data
     1>c:\users\administrator\documents\visual studio 2012\tetris\engine.h(179): warning C4244: '=' : conversion from 'double' to 'float', possible loss of data
     1>c:\users\administrator\documents\visual studio 2012\tetris\engine.h(223): warning C4244: 'argument' : conversion from 'double' to 'float', possible loss of data
     1>c:\users\administrator\documents\visual studio 2012\tetris\engine.h(386): warning C4996: 'sprintf': This function or variable may be unsafe. Consider using sprintf_s instead. To disable deprecation, use _CRT_SECURE_NO_WARNINGS. See online help for details.
                 c:\program files (x86)\microsoft visual studio 11.0\vc\include\stdio.h(357) : see declaration of 'sprintf'
     1>c:\users\administrator\documents\visual studio 2012\tetris\engine.h(393): warning C4996: 'sprintf': This function or variable may be unsafe. Consider using sprintf_s instead. To disable deprecation, use _CRT_SECURE_NO_WARNINGS. See online help for details.
                 c:\program files (x86)\microsoft visual studio 11.0\vc\include\stdio.h(357) : see declaration of 'sprintf'
     1>c:\users\administrator\documents\visual studio 2012\tetris\engine.h(435): warning C4244: 'argument' : conversion from 'double' to 'int', possible loss of data
     1>c:\users\administrator\documents\visual studio 2012\tetris\engine.h(439): warning C4996: 'sprintf': This function or variable may be unsafe. Consider using sprintf_s instead. To disable deprecation, use _CRT_SECURE_NO_WARNINGS. See online help for details.
                 c:\program files (x86)\microsoft visual studio 11.0\vc\include\stdio.h(357) : see declaration of 'sprintf'
     1>c:\users\administrator\documents\visual studio 2012\tetris\engine.h(440): warning C4996: 'sprintf': This function or variable may be unsafe. Consider using sprintf_s instead. To disable deprecation, use _CRT_SECURE_NO_WARNINGS. See online help for details.
                 c:\program files (x86)\microsoft visual studio 11.0\vc\include\stdio.h(357) : see declaration of 'sprintf'
     1>c:\users\administrator\documents\visual studio 2012\tetris\engine.h(582): warning C4244: '=' : conversion from 'double' to 'float', possible loss of data
     1>c:\users\administrator\documents\visual studio 2012\tetris\engine.h(618): warning C4305: '*=' : truncation from 'double' to 'float'
     1>c:\users\administrator\documents\visual studio 2012\tetris\engine.h(296): warning C4715: 'Engine::CheckBorder' : not all control paths return a value
       Link:
         C:\Program Files (x86)\Microsoft Visual Studio 11.0\VC\bin\link.exe /ERRORREPORT:PROMPT /OUT:"C:\Users\Administrator\Documents\Visual Studio 2012\Tetris\Debug\Tertis.exe" /INCREMENTAL /NOLOGO kernel32.lib user32.lib gdi32.lib winspool.lib comdlg32.lib advapi32.lib shell32.lib ole32.lib oleaut32.lib uuid.lib odbc32.lib odbccp32.lib /MANIFEST /MANIFESTUAC:"level='asInvoker' uiAccess='false'" /manifest:embed /DEBUG /PDB:"C:\Users\Administrator\Documents\Visual Studio 2012\Tetris\Debug\Tertis.pdb" /TLBID:1 /DYNAMICBASE /NXCOMPAT /IMPLIB:"C:\Users\Administrator\Documents\Visual Studio 2012\Tetris\Debug\Tertis.lib" /MACHINE:X86 Debug\tetris.obj
         Debug\main.obj
         HelloStdio_VS2012.vcxproj -> C:\Users\Administrator\Documents\Visual Studio 2012\Tetris\Debug\Tertis.exe
     1>Done Building Project "C:\Users\Administrator\Documents\Visual Studio 2012\Tetris\HelloStdio_VS2012.vcxproj" (Build target(s)).

Build succeeded.

Time Elapsed 00:00:01.21
